<?xml version="1.0" encoding="UTF-8"?>
<!-- Generated by org.testng.reporters.JUnitXMLReporter -->
<testsuite hostname="DESKTOP-SHS08M3" ignored="0" name="Test" tests="2" failures="2" timestamp="10 Apr 2018 19:07:12 GMT" time="22.088" errors="0">
  <testcase name="addtocart" time="6.571" classname="Homepage.AddtoCart">
    <failure type="java.lang.AssertionError" message="null">
      <![CDATA[java.lang.AssertionError: nullat Homepage.AddtoCart.addtocart(AddtoCart.java:31)... Removed 27 stack frames]]>
    </failure>
  </testcase> <!-- addtocart -->
  <testcase name="addtocart" time="20.609" classname="Homepage.AddtoCart">
    <failure type="java.lang.NullPointerException">
      <![CDATA[java.lang.NullPointerExceptionat java.lang.String.replace(String.java:2226)at com.relevantcodes.extentreports.Logger.attachScreenshot(Logger.java:126)at com.relevantcodes.extentreports.AbstractLog.attachScreenshot(AbstractLog.java:110)at com.relevantcodes.extentreports.ExtentReports.attachScreenshot(ExtentReports.java:185)at com.relevantcodes.extentreports.ExtentReports.attachScreenshot(ExtentReports.java:201)at Listners.ListnerClass.onTestFailure(ListnerClass.java:34)... Removed 22 stack frames]]>
    </failure>
  </testcase> <!-- addtocart -->
</testsuite> <!-- Test -->
